<?xml version="1.0" encoding="UTF-8"?>
<!-- Generated by org.testng.reporters.JUnitXMLReporter -->
<testsuite ignored="1" hostname="INLEN8520087474" failures="0" tests="1" name="Default test" time="58.923" errors="0" timestamp="09 Jan 2023 13:13:57 GMT">
  <testcase classname="com.app.tests.AppTests" name="verifyCart" time="55.718"/>
  <testcase classname="com.app.tests.AppTests" name="verifyLoginPage" time="0.0">
    <ignored/>
  </testcase> <!-- verifyLoginPage -->
</testsuite> <!-- Default test -->
