<?xml version="1.0" encoding="UTF-8"?>
<testng-results ignored="1" total="2" passed="1" failed="0" skipped="0">
  <reporter-output>
  </reporter-output>
  <suite started-at="2023-01-09T13:12:58Z" name="Default suite" finished-at="2023-01-09T13:13:57Z" duration-ms="58923">
    <groups>
    </groups>
    <test started-at="2023-01-09T13:12:58Z" name="Default test" finished-at="2023-01-09T13:13:57Z" duration-ms="58923">
      <class name="com.app.tests.AppTests">
        <test-method is-config="true" signature="setUP()[pri:0, instance:com.app.tests.AppTests@3e6104fc]" started-at="2023-01-09T18:42:58Z" name="setUP" finished-at="2023-01-09T18:43:01Z" duration-ms="2792" status="PASS">
          <reporter-output>
          </reporter-output>
        </test-method> <!-- setUP -->
        <test-method signature="verifyCart()[pri:0, instance:com.app.tests.AppTests@3e6104fc]" started-at="2023-01-09T18:43:01Z" name="verifyCart" finished-at="2023-01-09T18:43:56Z" duration-ms="55718" status="PASS">
          <reporter-output>
          </reporter-output>
        </test-method> <!-- verifyCart -->
        <test-method is-config="true" signature="tearDown()[pri:0, instance:com.app.tests.AppTests@3e6104fc]" started-at="2023-01-09T18:43:56Z" name="tearDown" finished-at="2023-01-09T18:43:57Z" duration-ms="388" status="PASS">
          <reporter-output>
          </reporter-output>
        </test-method> <!-- tearDown -->
      </class> <!-- com.app.tests.AppTests -->
    </test> <!-- Default test -->
  </suite> <!-- Default suite -->
</testng-results>
